{"contracts\\CZodiacToken.sol":{"l":{"127":6,"128":6,"129":6,"130":6,"131":6,"133":6,"134":3,"135":3,"136":3,"138":3,"139":3,"140":3,"144":6,"146":6,"150":6,"153":6,"154":6,"155":6,"156":6,"158":6,"159":6,"160":6,"161":6,"162":6,"164":6,"168":0,"169":0,"174":4,"178":10,"183":52,"184":8,"188":5,"189":5,"193":0,"197":0,"198":0,"202":1,"203":1,"204":0,"205":1,"209":0,"210":0,"214":0,"215":0,"219":0,"223":0,"224":0,"225":0,"226":0,"227":0,"228":0,"232":0,"233":0,"234":0,"235":0,"237":0,"242":14,"243":14,"244":14,"248":30,"249":30,"250":6,"252":30,"253":30,"257":0,"258":0,"259":0,"260":0,"261":0,"262":0,"263":0,"264":0,"270":0,"271":0,"273":0,"274":0,"282":7,"285":7,"288":7,"289":5,"293":7,"298":7,"299":3,"301":1,"303":3,"305":0,"307":0,"312":3,"313":3,"314":3,"315":3,"316":3,"317":3,"321":1,"322":1,"323":1,"324":1,"325":1,"326":1,"327":1,"331":3,"332":3,"333":3,"334":3,"335":3,"336":3,"337":3,"341":0,"342":0,"343":0,"344":0,"345":0,"346":0,"347":0,"348":0,"352":7,"353":7,"354":7,"355":7,"359":7,"360":7,"364":7,"365":7,"366":7,"367":7,"368":7,"372":7,"373":7,"374":7,"375":7,"376":7,"377":7,"378":7,"382":28,"383":28,"387":28,"388":28,"389":28,"390":113,"391":113,"392":113,"394":28,"395":22,"399":7,"402":7,"403":7,"404":7,"405":7,"406":7,"407":7,"408":7,"409":7,"412":7,"413":7,"414":7,"415":7,"416":7,"417":7,"418":7,"421":4,"422":3,"423":2,"424":1,"425":1,"426":1,"427":1,"428":1,"429":1,"433":2,"439":2,"445":2,"451":2,"457":0,"461":0,"465":0,"469":1,"470":1,"474":1},"path":"C:\\Users\\jolgon\\Documents\\repos\\czodiac\\packages\\sc\\contracts\\CZodiacToken.sol","s":{"1":6,"2":6,"3":6,"4":6,"5":6,"6":6,"7":3,"8":3,"9":3,"10":3,"11":3,"12":3,"13":6,"14":6,"15":6,"16":6,"17":6,"18":6,"19":6,"20":6,"21":6,"22":6,"23":6,"24":6,"25":6,"26":0,"27":0,"28":4,"29":10,"30":52,"31":44,"32":8,"33":5,"34":5,"35":0,"36":0,"37":0,"38":1,"39":1,"40":0,"41":1,"42":0,"43":0,"44":0,"45":0,"46":0,"47":0,"48":0,"49":0,"50":0,"51":0,"52":0,"53":0,"54":0,"55":0,"56":0,"57":0,"58":14,"59":14,"60":14,"61":30,"62":30,"63":6,"64":30,"65":30,"66":0,"67":0,"68":0,"69":0,"70":0,"71":0,"72":0,"73":0,"74":0,"75":0,"76":0,"77":7,"78":7,"79":7,"80":5,"81":7,"82":7,"83":3,"84":4,"85":1,"86":3,"87":3,"88":0,"89":0,"90":0,"91":3,"92":3,"93":3,"94":3,"95":3,"96":3,"97":1,"98":1,"99":1,"100":1,"101":1,"102":1,"103":1,"104":3,"105":3,"106":3,"107":3,"108":3,"109":3,"110":3,"111":0,"112":0,"113":0,"114":0,"115":0,"116":0,"117":0,"118":0,"119":7,"120":7,"121":7,"122":7,"123":7,"124":7,"125":7,"126":7,"127":7,"128":7,"129":7,"130":7,"131":7,"132":7,"133":7,"134":7,"135":7,"136":7,"137":28,"138":28,"139":28,"140":28,"141":28,"142":113,"143":0,"144":113,"145":113,"146":28,"147":6,"148":22,"149":7,"150":7,"151":7,"152":7,"153":7,"154":7,"155":7,"156":7,"157":7,"158":7,"159":7,"160":7,"161":7,"162":7,"163":7,"164":7,"165":4,"166":3,"167":2,"168":1,"169":1,"170":1,"171":1,"172":1,"173":1,"174":2,"175":2,"176":2,"177":2,"178":0,"179":0,"180":0,"181":1,"182":1},"b":{"1":[3,3],"2":[44,8],"3":[0,1],"4":[0,0],"5":[0,0],"6":[0,0],"7":[14,0],"8":[30,0],"9":[6,24],"10":[0,0],"11":[0,0],"12":[0,0],"13":[0,0],"14":[7,0],"15":[5,2],"16":[3,4],"17":[1,3],"18":[3,0],"19":[0,0],"20":[0,113],"21":[6,22],"22":[7,0],"23":[7,0],"24":[3,1],"25":[2,1],"26":[1,1],"27":[1,0]},"f":{"1":6,"2":0,"3":4,"4":10,"5":52,"6":5,"7":0,"8":0,"9":1,"10":0,"11":0,"12":0,"13":0,"14":0,"15":14,"16":30,"17":0,"18":0,"19":7,"20":7,"21":3,"22":1,"23":3,"24":0,"25":7,"26":7,"27":7,"28":7,"29":28,"30":28,"31":7,"32":4,"33":2,"34":2,"35":2,"36":2,"37":0,"38":0,"39":0,"40":1,"41":1},"fnMap":{"1":{"name":"constructor","line":126,"loc":{"start":{"line":126,"column":4},"end":{"line":165,"column":4}}},"2":{"name":"swapFor","line":167,"loc":{"start":{"line":167,"column":4},"end":{"line":171,"column":4}}},"3":{"name":"swap","line":173,"loc":{"start":{"line":173,"column":4},"end":{"line":175,"column":4}}},"4":{"name":"totalSupply","line":177,"loc":{"start":{"line":177,"column":4},"end":{"line":179,"column":4}}},"5":{"name":"balanceOf","line":182,"loc":{"start":{"line":182,"column":4},"end":{"line":185,"column":4}}},"6":{"name":"transfer","line":187,"loc":{"start":{"line":187,"column":4},"end":{"line":190,"column":4}}},"7":{"name":"allowance","line":192,"loc":{"start":{"line":192,"column":4},"end":{"line":194,"column":4}}},"8":{"name":"approve","line":196,"loc":{"start":{"line":196,"column":4},"end":{"line":199,"column":4}}},"9":{"name":"transferFrom","line":201,"loc":{"start":{"line":201,"column":4},"end":{"line":206,"column":4}}},"10":{"name":"increaseAllowance","line":208,"loc":{"start":{"line":208,"column":4},"end":{"line":211,"column":4}}},"11":{"name":"decreaseAllowance","line":213,"loc":{"start":{"line":213,"column":4},"end":{"line":216,"column":4}}},"12":{"name":"isExcludedFromReward","line":218,"loc":{"start":{"line":218,"column":4},"end":{"line":220,"column":4}}},"13":{"name":"deliver","line":222,"loc":{"start":{"line":222,"column":4},"end":{"line":229,"column":4}}},"14":{"name":"reflectionFromToken","line":231,"loc":{"start":{"line":231,"column":4},"end":{"line":239,"column":4}}},"15":{"name":"tokenFromReflection","line":241,"loc":{"start":{"line":241,"column":4},"end":{"line":245,"column":4}}},"16":{"name":"excludeFromReward","line":247,"loc":{"start":{"line":247,"column":4},"end":{"line":254,"column":4}}},"17":{"name":"includeInReward","line":256,"loc":{"start":{"line":256,"column":4},"end":{"line":267,"column":4}}},"18":{"name":"_approve","line":269,"loc":{"start":{"line":269,"column":4},"end":{"line":275,"column":4}}},"19":{"name":"_transfer","line":277,"loc":{"start":{"line":277,"column":4},"end":{"line":294,"column":4}}},"20":{"name":"_tokenTransfer","line":297,"loc":{"start":{"line":297,"column":4},"end":{"line":309,"column":4}}},"21":{"name":"_transferStandard","line":311,"loc":{"start":{"line":311,"column":4},"end":{"line":318,"column":4}}},"22":{"name":"_transferToExcluded","line":320,"loc":{"start":{"line":320,"column":4},"end":{"line":328,"column":4}}},"23":{"name":"_transferFromExcluded","line":330,"loc":{"start":{"line":330,"column":4},"end":{"line":338,"column":4}}},"24":{"name":"_transferBothExcluded","line":340,"loc":{"start":{"line":340,"column":4},"end":{"line":349,"column":4}}},"25":{"name":"_reflectFee","line":351,"loc":{"start":{"line":351,"column":4},"end":{"line":356,"column":4}}},"26":{"name":"_getValues","line":358,"loc":{"start":{"line":358,"column":4},"end":{"line":361,"column":4}}},"27":{"name":"_getTValues","line":363,"loc":{"start":{"line":363,"column":4},"end":{"line":369,"column":4}}},"28":{"name":"_getRValues","line":371,"loc":{"start":{"line":371,"column":4},"end":{"line":379,"column":4}}},"29":{"name":"_getRate","line":381,"loc":{"start":{"line":381,"column":4},"end":{"line":384,"column":4}}},"30":{"name":"_getCurrentSupply","line":386,"loc":{"start":{"line":386,"column":4},"end":{"line":396,"column":4}}},"31":{"name":"_takeLpAndDevRewards","line":398,"loc":{"start":{"line":398,"column":4},"end":{"line":419,"column":4}}},"32":{"name":"_swap","line":420,"loc":{"start":{"line":420,"column":4},"end":{"line":430,"column":4}}},"33":{"name":"calculateHolderReward","line":432,"loc":{"start":{"line":432,"column":4},"end":{"line":436,"column":4}}},"34":{"name":"calculateBurn","line":438,"loc":{"start":{"line":438,"column":4},"end":{"line":442,"column":4}}},"35":{"name":"calculateLpReward","line":444,"loc":{"start":{"line":444,"column":4},"end":{"line":448,"column":4}}},"36":{"name":"calculateDevReward","line":450,"loc":{"start":{"line":450,"column":4},"end":{"line":454,"column":4}}},"37":{"name":"isExcludedFromFee","line":456,"loc":{"start":{"line":456,"column":4},"end":{"line":458,"column":4}}},"38":{"name":"excludeFromFee","line":460,"loc":{"start":{"line":460,"column":4},"end":{"line":462,"column":4}}},"39":{"name":"includeInFee","line":464,"loc":{"start":{"line":464,"column":4},"end":{"line":466,"column":4}}},"40":{"name":"setNextCzodiac","line":468,"loc":{"start":{"line":468,"column":4},"end":{"line":471,"column":4}}},"41":{"name":"setGlobalRewardsEnabled","line":473,"loc":{"start":{"line":473,"column":4},"end":{"line":475,"column":4}}}},"statementMap":{"1":{"start":{"line":127,"column":8},"end":{"line":127,"column":19}},"2":{"start":{"line":128,"column":8},"end":{"line":128,"column":23}},"3":{"start":{"line":129,"column":8},"end":{"line":129,"column":33}},"4":{"start":{"line":130,"column":8},"end":{"line":130,"column":47}},"5":{"start":{"line":131,"column":8},"end":{"line":131,"column":43}},"6":{"start":{"line":133,"column":8},"end":{"line":133,"column":6544}},"7":{"start":{"line":134,"column":12},"end":{"line":134,"column":40}},"8":{"start":{"line":135,"column":12},"end":{"line":135,"column":44}},"9":{"start":{"line":136,"column":12},"end":{"line":136,"column":42}},"10":{"start":{"line":138,"column":12},"end":{"line":138,"column":78}},"11":{"start":{"line":139,"column":12},"end":{"line":139,"column":44}},"12":{"start":{"line":140,"column":12},"end":{"line":140,"column":43}},"13":{"start":{"line":144,"column":8},"end":{"line":144,"column":7039}},"14":{"start":{"line":146,"column":8},"end":{"line":146,"column":37}},"15":{"start":{"line":150,"column":8},"end":{"line":150,"column":35}},"16":{"start":{"line":153,"column":8},"end":{"line":153,"column":41}},"17":{"start":{"line":154,"column":8},"end":{"line":154,"column":47}},"18":{"start":{"line":155,"column":8},"end":{"line":155,"column":44}},"19":{"start":{"line":156,"column":8},"end":{"line":156,"column":85}},"20":{"start":{"line":158,"column":8},"end":{"line":158,"column":33}},"21":{"start":{"line":159,"column":8},"end":{"line":159,"column":39}},"22":{"start":{"line":160,"column":8},"end":{"line":160,"column":36}},"23":{"start":{"line":161,"column":8},"end":{"line":161,"column":77}},"24":{"start":{"line":162,"column":8},"end":{"line":162,"column":40}},"25":{"start":{"line":164,"column":8},"end":{"line":164,"column":118}},"26":{"start":{"line":168,"column":8},"end":{"line":168,"column":8162}},"27":{"start":{"line":169,"column":12},"end":{"line":169,"column":29}},"28":{"start":{"line":174,"column":8},"end":{"line":174,"column":26}},"29":{"start":{"line":178,"column":8},"end":{"line":178,"column":22}},"30":{"start":{"line":183,"column":8},"end":{"line":183,"column":57}},"31":{"start":{"line":183,"column":34},"end":{"line":183,"column":57}},"32":{"start":{"line":184,"column":8},"end":{"line":184,"column":52}},"33":{"start":{"line":188,"column":8},"end":{"line":188,"column":49}},"34":{"start":{"line":189,"column":8},"end":{"line":189,"column":19}},"35":{"start":{"line":193,"column":8},"end":{"line":193,"column":42}},"36":{"start":{"line":197,"column":8},"end":{"line":197,"column":46}},"37":{"start":{"line":198,"column":8},"end":{"line":198,"column":19}},"38":{"start":{"line":202,"column":8},"end":{"line":202,"column":43}},"39":{"start":{"line":203,"column":8},"end":{"line":203,"column":9396}},"40":{"start":{"line":204,"column":12},"end":{"line":204,"column":132}},"41":{"start":{"line":205,"column":8},"end":{"line":205,"column":19}},"42":{"start":{"line":209,"column":8},"end":{"line":209,"column":90}},"43":{"start":{"line":210,"column":8},"end":{"line":210,"column":19}},"44":{"start":{"line":214,"column":8},"end":{"line":214,"column":136}},"45":{"start":{"line":215,"column":8},"end":{"line":215,"column":19}},"46":{"start":{"line":219,"column":8},"end":{"line":219,"column":35}},"47":{"start":{"line":223,"column":8},"end":{"line":223,"column":37}},"48":{"start":{"line":224,"column":8},"end":{"line":224,"column":84}},"49":{"start":{"line":225,"column":9},"end":{"line":225,"column":61}},"50":{"start":{"line":226,"column":8},"end":{"line":226,"column":60}},"51":{"start":{"line":227,"column":8},"end":{"line":227,"column":44}},"52":{"start":{"line":228,"column":8},"end":{"line":228,"column":40}},"53":{"start":{"line":232,"column":8},"end":{"line":232,"column":69}},"54":{"start":{"line":233,"column":8},"end":{"line":233,"column":60}},"55":{"start":{"line":234,"column":8},"end":{"line":234,"column":10734}},"56":{"start":{"line":235,"column":12},"end":{"line":235,"column":33}},"57":{"start":{"line":237,"column":12},"end":{"line":237,"column":41}},"58":{"start":{"line":242,"column":8},"end":{"line":242,"column":80}},"59":{"start":{"line":243,"column":8},"end":{"line":243,"column":41}},"60":{"start":{"line":244,"column":8},"end":{"line":244,"column":39}},"61":{"start":{"line":248,"column":8},"end":{"line":248,"column":68}},"62":{"start":{"line":249,"column":8},"end":{"line":249,"column":11275}},"63":{"start":{"line":250,"column":12},"end":{"line":250,"column":67}},"64":{"start":{"line":252,"column":8},"end":{"line":252,"column":34}},"65":{"start":{"line":253,"column":8},"end":{"line":253,"column":30}},"66":{"start":{"line":257,"column":8},"end":{"line":257,"column":67}},"67":{"start":{"line":258,"column":8},"end":{"line":258,"column":11606}},"68":{"start":{"line":259,"column":12},"end":{"line":259,"column":11671}},"69":{"start":{"line":260,"column":16},"end":{"line":260,"column":61}},"70":{"start":{"line":261,"column":16},"end":{"line":261,"column":35}},"71":{"start":{"line":262,"column":16},"end":{"line":262,"column":43}},"72":{"start":{"line":263,"column":16},"end":{"line":263,"column":30}},"73":{"start":{"line":270,"column":8},"end":{"line":270,"column":75}},"74":{"start":{"line":271,"column":8},"end":{"line":271,"column":75}},"75":{"start":{"line":273,"column":8},"end":{"line":273,"column":43}},"76":{"start":{"line":274,"column":8},"end":{"line":274,"column":45}},"77":{"start":{"line":282,"column":8},"end":{"line":282,"column":71}},"78":{"start":{"line":285,"column":8},"end":{"line":285,"column":27}},"79":{"start":{"line":288,"column":8},"end":{"line":288,"column":12676}},"80":{"start":{"line":289,"column":12},"end":{"line":289,"column":26}},"81":{"start":{"line":293,"column":8},"end":{"line":293,"column":45}},"82":{"start":{"line":298,"column":8},"end":{"line":298,"column":13110}},"83":{"start":{"line":299,"column":12},"end":{"line":299,"column":68}},"84":{"start":{"line":300,"column":15},"end":{"line":300,"column":13250}},"85":{"start":{"line":301,"column":12},"end":{"line":301,"column":66}},"86":{"start":{"line":302,"column":15},"end":{"line":302,"column":13388}},"87":{"start":{"line":303,"column":12},"end":{"line":303,"column":64}},"88":{"start":{"line":304,"column":15},"end":{"line":304,"column":13525}},"89":{"start":{"line":305,"column":12},"end":{"line":305,"column":68}},"90":{"start":{"line":307,"column":12},"end":{"line":307,"column":64}},"91":{"start":{"line":312,"column":8},"end":{"line":312,"column":87}},"92":{"start":{"line":313,"column":8},"end":{"line":313,"column":61}},"93":{"start":{"line":314,"column":8},"end":{"line":314,"column":75}},"94":{"start":{"line":315,"column":8},"end":{"line":315,"column":65}},"95":{"start":{"line":316,"column":8},"end":{"line":316,"column":85}},"96":{"start":{"line":317,"column":8},"end":{"line":317,"column":65}},"97":{"start":{"line":321,"column":8},"end":{"line":321,"column":87}},"98":{"start":{"line":322,"column":8},"end":{"line":322,"column":61}},"99":{"start":{"line":323,"column":8},"end":{"line":323,"column":75}},"100":{"start":{"line":324,"column":8},"end":{"line":324,"column":75}},"101":{"start":{"line":325,"column":8},"end":{"line":325,"column":65}},"102":{"start":{"line":326,"column":8},"end":{"line":326,"column":85}},"103":{"start":{"line":327,"column":8},"end":{"line":327,"column":65}},"104":{"start":{"line":331,"column":8},"end":{"line":331,"column":87}},"105":{"start":{"line":332,"column":8},"end":{"line":332,"column":53}},"106":{"start":{"line":333,"column":8},"end":{"line":333,"column":61}},"107":{"start":{"line":334,"column":8},"end":{"line":334,"column":75}},"108":{"start":{"line":335,"column":8},"end":{"line":335,"column":65}},"109":{"start":{"line":336,"column":8},"end":{"line":336,"column":85}},"110":{"start":{"line":337,"column":8},"end":{"line":337,"column":65}},"111":{"start":{"line":341,"column":8},"end":{"line":341,"column":87}},"112":{"start":{"line":342,"column":8},"end":{"line":342,"column":53}},"113":{"start":{"line":343,"column":8},"end":{"line":343,"column":61}},"114":{"start":{"line":344,"column":8},"end":{"line":344,"column":75}},"115":{"start":{"line":345,"column":8},"end":{"line":345,"column":75}},"116":{"start":{"line":346,"column":8},"end":{"line":346,"column":65}},"117":{"start":{"line":347,"column":8},"end":{"line":347,"column":85}},"118":{"start":{"line":348,"column":8},"end":{"line":348,"column":65}},"119":{"start":{"line":352,"column":8},"end":{"line":352,"column":45}},"120":{"start":{"line":353,"column":8},"end":{"line":353,"column":35}},"121":{"start":{"line":354,"column":8},"end":{"line":354,"column":37}},"122":{"start":{"line":355,"column":8},"end":{"line":355,"column":29}},"123":{"start":{"line":359,"column":8},"end":{"line":359,"column":46}},"124":{"start":{"line":360,"column":8},"end":{"line":360,"column":46}},"125":{"start":{"line":364,"column":8},"end":{"line":364,"column":74}},"126":{"start":{"line":365,"column":8},"end":{"line":365,"column":58}},"127":{"start":{"line":366,"column":8},"end":{"line":366,"column":66}},"128":{"start":{"line":367,"column":8},"end":{"line":367,"column":68}},"129":{"start":{"line":368,"column":8},"end":{"line":368,"column":128}},"130":{"start":{"line":372,"column":8},"end":{"line":372,"column":31}},"131":{"start":{"line":373,"column":8},"end":{"line":373,"column":48}},"132":{"start":{"line":374,"column":8},"end":{"line":374,"column":59}},"133":{"start":{"line":375,"column":8},"end":{"line":375,"column":52}},"134":{"start":{"line":376,"column":8},"end":{"line":376,"column":60}},"135":{"start":{"line":377,"column":8},"end":{"line":377,"column":62}},"136":{"start":{"line":378,"column":8},"end":{"line":378,"column":126}},"137":{"start":{"line":382,"column":8},"end":{"line":382,"column":64}},"138":{"start":{"line":383,"column":8},"end":{"line":383,"column":35}},"139":{"start":{"line":387,"column":8},"end":{"line":387,"column":33}},"140":{"start":{"line":388,"column":8},"end":{"line":388,"column":33}},"141":{"start":{"line":389,"column":8},"end":{"line":389,"column":18236}},"142":{"start":{"line":390,"column":12},"end":{"line":390,"column":109}},"143":{"start":{"line":390,"column":84},"end":{"line":390,"column":109}},"144":{"start":{"line":391,"column":12},"end":{"line":391,"column":55}},"145":{"start":{"line":392,"column":12},"end":{"line":392,"column":55}},"146":{"start":{"line":394,"column":8},"end":{"line":394,"column":69}},"147":{"start":{"line":394,"column":44},"end":{"line":394,"column":69}},"148":{"start":{"line":395,"column":8},"end":{"line":395,"column":33}},"149":{"start":{"line":399,"column":8},"end":{"line":399,"column":41}},"150":{"start":{"line":402,"column":8},"end":{"line":402,"column":56}},"151":{"start":{"line":403,"column":8},"end":{"line":403,"column":67}},"152":{"start":{"line":404,"column":8},"end":{"line":404,"column":88}},"153":{"start":{"line":405,"column":8},"end":{"line":405,"column":19122}},"154":{"start":{"line":406,"column":12},"end":{"line":406,"column":92}},"155":{"start":{"line":407,"column":8},"end":{"line":407,"column":43}},"156":{"start":{"line":408,"column":8},"end":{"line":408,"column":65}},"157":{"start":{"line":409,"column":8},"end":{"line":409,"column":63}},"158":{"start":{"line":412,"column":8},"end":{"line":412,"column":58}},"159":{"start":{"line":413,"column":8},"end":{"line":413,"column":53}},"160":{"start":{"line":414,"column":8},"end":{"line":414,"column":59}},"161":{"start":{"line":415,"column":8},"end":{"line":415,"column":19627}},"162":{"start":{"line":416,"column":12},"end":{"line":416,"column":63}},"163":{"start":{"line":417,"column":8},"end":{"line":417,"column":51}},"164":{"start":{"line":418,"column":8},"end":{"line":418,"column":66}},"165":{"start":{"line":421,"column":8},"end":{"line":421,"column":87}},"166":{"start":{"line":422,"column":8},"end":{"line":422,"column":88}},"167":{"start":{"line":423,"column":8},"end":{"line":423,"column":80}},"168":{"start":{"line":424,"column":8},"end":{"line":424,"column":61}},"169":{"start":{"line":425,"column":8},"end":{"line":425,"column":91}},"170":{"start":{"line":426,"column":8},"end":{"line":426,"column":74}},"171":{"start":{"line":427,"column":8},"end":{"line":427,"column":69}},"172":{"start":{"line":428,"column":8},"end":{"line":428,"column":54}},"173":{"start":{"line":429,"column":8},"end":{"line":429,"column":54}},"174":{"start":{"line":433,"column":8},"end":{"line":433,"column":20622}},"175":{"start":{"line":439,"column":8},"end":{"line":439,"column":20791}},"176":{"start":{"line":445,"column":8},"end":{"line":445,"column":20956}},"177":{"start":{"line":451,"column":8},"end":{"line":451,"column":21126}},"178":{"start":{"line":457,"column":8},"end":{"line":457,"column":42}},"179":{"start":{"line":461,"column":8},"end":{"line":461,"column":41}},"180":{"start":{"line":465,"column":8},"end":{"line":465,"column":42}},"181":{"start":{"line":470,"column":8},"end":{"line":470,"column":33}},"182":{"start":{"line":474,"column":8},"end":{"line":474,"column":51}}},"branchMap":{"1":{"line":133,"type":"if","locations":[{"start":{"line":133,"column":8},"end":{"line":133,"column":8}},{"start":{"line":133,"column":8},"end":{"line":133,"column":8}}]},"2":{"line":183,"type":"if","locations":[{"start":{"line":183,"column":8},"end":{"line":183,"column":8}},{"start":{"line":183,"column":8},"end":{"line":183,"column":8}}]},"3":{"line":203,"type":"if","locations":[{"start":{"line":203,"column":8},"end":{"line":203,"column":8}},{"start":{"line":203,"column":8},"end":{"line":203,"column":8}}]},"4":{"line":224,"type":"if","locations":[{"start":{"line":224,"column":8},"end":{"line":224,"column":8}},{"start":{"line":224,"column":8},"end":{"line":224,"column":8}}]},"5":{"line":232,"type":"if","locations":[{"start":{"line":232,"column":8},"end":{"line":232,"column":8}},{"start":{"line":232,"column":8},"end":{"line":232,"column":8}}]},"6":{"line":234,"type":"if","locations":[{"start":{"line":234,"column":8},"end":{"line":234,"column":8}},{"start":{"line":234,"column":8},"end":{"line":234,"column":8}}]},"7":{"line":242,"type":"if","locations":[{"start":{"line":242,"column":8},"end":{"line":242,"column":8}},{"start":{"line":242,"column":8},"end":{"line":242,"column":8}}]},"8":{"line":248,"type":"if","locations":[{"start":{"line":248,"column":8},"end":{"line":248,"column":8}},{"start":{"line":248,"column":8},"end":{"line":248,"column":8}}]},"9":{"line":249,"type":"if","locations":[{"start":{"line":249,"column":8},"end":{"line":249,"column":8}},{"start":{"line":249,"column":8},"end":{"line":249,"column":8}}]},"10":{"line":257,"type":"if","locations":[{"start":{"line":257,"column":8},"end":{"line":257,"column":8}},{"start":{"line":257,"column":8},"end":{"line":257,"column":8}}]},"11":{"line":259,"type":"if","locations":[{"start":{"line":259,"column":12},"end":{"line":259,"column":12}},{"start":{"line":259,"column":12},"end":{"line":259,"column":12}}]},"12":{"line":270,"type":"if","locations":[{"start":{"line":270,"column":8},"end":{"line":270,"column":8}},{"start":{"line":270,"column":8},"end":{"line":270,"column":8}}]},"13":{"line":271,"type":"if","locations":[{"start":{"line":271,"column":8},"end":{"line":271,"column":8}},{"start":{"line":271,"column":8},"end":{"line":271,"column":8}}]},"14":{"line":282,"type":"if","locations":[{"start":{"line":282,"column":8},"end":{"line":282,"column":8}},{"start":{"line":282,"column":8},"end":{"line":282,"column":8}}]},"15":{"line":288,"type":"if","locations":[{"start":{"line":288,"column":8},"end":{"line":288,"column":8}},{"start":{"line":288,"column":8},"end":{"line":288,"column":8}}]},"16":{"line":298,"type":"if","locations":[{"start":{"line":298,"column":8},"end":{"line":298,"column":8}},{"start":{"line":298,"column":8},"end":{"line":298,"column":8}}]},"17":{"line":300,"type":"if","locations":[{"start":{"line":300,"column":15},"end":{"line":300,"column":15}},{"start":{"line":300,"column":15},"end":{"line":300,"column":15}}]},"18":{"line":302,"type":"if","locations":[{"start":{"line":302,"column":15},"end":{"line":302,"column":15}},{"start":{"line":302,"column":15},"end":{"line":302,"column":15}}]},"19":{"line":304,"type":"if","locations":[{"start":{"line":304,"column":15},"end":{"line":304,"column":15}},{"start":{"line":304,"column":15},"end":{"line":304,"column":15}}]},"20":{"line":390,"type":"if","locations":[{"start":{"line":390,"column":12},"end":{"line":390,"column":12}},{"start":{"line":390,"column":12},"end":{"line":390,"column":12}}]},"21":{"line":394,"type":"if","locations":[{"start":{"line":394,"column":8},"end":{"line":394,"column":8}},{"start":{"line":394,"column":8},"end":{"line":394,"column":8}}]},"22":{"line":405,"type":"if","locations":[{"start":{"line":405,"column":8},"end":{"line":405,"column":8}},{"start":{"line":405,"column":8},"end":{"line":405,"column":8}}]},"23":{"line":415,"type":"if","locations":[{"start":{"line":415,"column":8},"end":{"line":415,"column":8}},{"start":{"line":415,"column":8},"end":{"line":415,"column":8}}]},"24":{"line":421,"type":"if","locations":[{"start":{"line":421,"column":8},"end":{"line":421,"column":8}},{"start":{"line":421,"column":8},"end":{"line":421,"column":8}}]},"25":{"line":422,"type":"if","locations":[{"start":{"line":422,"column":8},"end":{"line":422,"column":8}},{"start":{"line":422,"column":8},"end":{"line":422,"column":8}}]},"26":{"line":423,"type":"if","locations":[{"start":{"line":423,"column":8},"end":{"line":423,"column":8}},{"start":{"line":423,"column":8},"end":{"line":423,"column":8}}]},"27":{"line":425,"type":"if","locations":[{"start":{"line":425,"column":8},"end":{"line":425,"column":8}},{"start":{"line":425,"column":8},"end":{"line":425,"column":8}}]}}}}