{"contracts\\CzodiacToken.sol":{"l":{"142":9,"143":9,"144":9,"145":9,"146":9,"148":9,"149":6,"150":6,"151":6,"153":3,"154":3,"155":3,"159":9,"164":9,"168":9,"171":9,"172":9,"173":9,"174":9,"178":9,"179":9,"180":9,"181":9,"182":9,"184":9,"196":0,"197":0,"202":4,"206":11,"210":70,"211":10,"219":8,"220":8,"229":0,"237":0,"238":0,"246":1,"247":1,"248":0,"256":1,"264":0,"269":0,"277":0,"285":0,"289":0,"293":0,"294":0,"298":0,"299":0,"300":0,"301":0,"309":0,"310":0,"311":0,"312":0,"314":0,"323":19,"327":19,"328":19,"332":46,"333":46,"334":9,"336":46,"337":46,"341":0,"342":0,"343":0,"344":0,"345":0,"346":0,"347":0,"348":0,"358":0,"359":0,"361":0,"362":0,"370":10,"373":10,"376":10,"381":8,"385":10,"395":10,"396":5,"398":1,"400":3,"402":1,"404":0,"414":3,"416":3,"417":3,"418":3,"419":3,"425":3,"434":1,"436":1,"437":1,"438":1,"439":1,"440":1,"446":1,"455":5,"457":5,"458":5,"459":5,"460":5,"461":5,"467":5,"476":1,"478":1,"479":1,"480":1,"481":1,"482":1,"483":1,"489":1,"498":10,"499":10,"500":10,"501":10,"509":10,"510":10,"518":10,"519":10,"520":10,"521":10,"522":10,"534":10,"535":10,"536":10,"537":10,"538":10,"539":10,"540":10,"549":39,"550":39,"554":39,"555":39,"556":39,"557":161,"561":161,"562":161,"564":39,"565":30,"571":10,"574":10,"575":10,"576":10,"579":10,"580":10,"582":10,"583":10,"584":10,"587":10,"588":10,"589":10,"590":10,"591":10,"592":10,"593":10,"597":4,"601":3,"605":2,"609":1,"610":1,"614":1,"615":1,"616":1,"617":1,"625":2,"629":2,"633":2,"641":2,"645":0,"649":1,"653":0,"657":1,"658":1,"665":1},"path":"C:\\Users\\Taehee\\Documents\\repos\\czodiac\\packages\\sc\\contracts\\CzodiacToken.sol","s":{"1":9,"2":9,"3":9,"4":9,"5":9,"6":9,"7":6,"8":6,"9":6,"10":3,"11":3,"12":3,"13":9,"14":9,"15":9,"16":9,"17":9,"18":9,"19":9,"20":9,"21":9,"22":9,"23":9,"24":9,"25":9,"26":0,"27":0,"28":4,"29":11,"30":70,"31":60,"32":10,"33":8,"34":8,"35":0,"36":0,"37":0,"38":1,"39":1,"40":0,"41":1,"42":0,"43":0,"44":0,"45":0,"46":0,"47":0,"48":0,"49":0,"50":0,"51":0,"52":0,"53":0,"54":0,"55":0,"56":0,"57":0,"58":19,"59":19,"60":19,"61":46,"62":46,"63":9,"64":46,"65":46,"66":0,"67":0,"68":0,"69":0,"70":0,"71":0,"72":0,"73":0,"74":0,"75":0,"76":0,"77":10,"78":10,"79":10,"80":8,"81":10,"82":10,"83":5,"84":5,"85":1,"86":4,"87":3,"88":1,"89":1,"90":0,"91":3,"92":3,"93":3,"94":3,"95":3,"96":3,"97":1,"98":1,"99":1,"100":1,"101":1,"102":1,"103":1,"104":5,"105":5,"106":5,"107":5,"108":5,"109":5,"110":5,"111":1,"112":1,"113":1,"114":1,"115":1,"116":1,"117":1,"118":1,"119":10,"120":10,"121":10,"122":10,"123":10,"124":10,"125":10,"126":10,"127":10,"128":10,"129":10,"130":10,"131":10,"132":10,"133":10,"134":10,"135":10,"136":10,"137":39,"138":39,"139":39,"140":39,"141":39,"142":161,"143":0,"144":161,"145":161,"146":39,"147":9,"148":30,"149":10,"150":10,"151":10,"152":10,"153":10,"154":10,"155":10,"156":10,"157":10,"158":10,"159":10,"160":10,"161":10,"162":10,"163":10,"164":10,"165":4,"166":3,"167":2,"168":1,"169":1,"170":1,"171":1,"172":1,"173":1,"174":2,"175":2,"176":2,"177":2,"178":0,"179":1,"180":0,"181":1,"182":1},"b":{"1":[6,3],"2":[60,10],"3":[0,1],"4":[0,0],"5":[0,0],"6":[0,0],"7":[19,0],"8":[46,0],"9":[9,37],"10":[0,0],"11":[0,0],"12":[0,0],"13":[0,0],"14":[10,0],"15":[8,2],"16":[5,5],"17":[1,4],"18":[3,1],"19":[1,0],"20":[0,161],"21":[9,30],"22":[10,0],"23":[10,0],"24":[3,1],"25":[2,1],"26":[1,1],"27":[1,0]},"f":{"1":9,"2":0,"3":4,"4":11,"5":70,"6":8,"7":0,"8":0,"9":1,"10":0,"11":0,"12":0,"13":0,"14":0,"15":19,"16":46,"17":0,"18":0,"19":10,"20":10,"21":3,"22":1,"23":5,"24":1,"25":10,"26":10,"27":10,"28":10,"29":39,"30":39,"31":10,"32":4,"33":2,"34":2,"35":2,"36":2,"37":0,"38":1,"39":0,"40":1,"41":1},"fnMap":{"1":{"name":"constructor","line":134,"loc":{"start":{"line":134,"column":4},"end":{"line":193,"column":4}}},"2":{"name":"swapFor","line":195,"loc":{"start":{"line":195,"column":4},"end":{"line":199,"column":4}}},"3":{"name":"swap","line":201,"loc":{"start":{"line":201,"column":4},"end":{"line":203,"column":4}}},"4":{"name":"totalSupply","line":205,"loc":{"start":{"line":205,"column":4},"end":{"line":207,"column":4}}},"5":{"name":"balanceOf","line":209,"loc":{"start":{"line":209,"column":4},"end":{"line":212,"column":4}}},"6":{"name":"transfer","line":214,"loc":{"start":{"line":214,"column":4},"end":{"line":221,"column":4}}},"7":{"name":"allowance","line":223,"loc":{"start":{"line":223,"column":4},"end":{"line":230,"column":4}}},"8":{"name":"approve","line":232,"loc":{"start":{"line":232,"column":4},"end":{"line":239,"column":4}}},"9":{"name":"transferFrom","line":241,"loc":{"start":{"line":241,"column":4},"end":{"line":257,"column":4}}},"10":{"name":"increaseAllowance","line":259,"loc":{"start":{"line":259,"column":4},"end":{"line":270,"column":4}}},"11":{"name":"decreaseAllowance","line":272,"loc":{"start":{"line":272,"column":4},"end":{"line":286,"column":4}}},"12":{"name":"isExcludedFromReward","line":288,"loc":{"start":{"line":288,"column":4},"end":{"line":290,"column":4}}},"13":{"name":"deliver","line":292,"loc":{"start":{"line":292,"column":4},"end":{"line":302,"column":4}}},"14":{"name":"reflectionFromToken","line":304,"loc":{"start":{"line":304,"column":4},"end":{"line":316,"column":4}}},"15":{"name":"tokenFromReflection","line":318,"loc":{"start":{"line":318,"column":4},"end":{"line":329,"column":4}}},"16":{"name":"excludeFromReward","line":331,"loc":{"start":{"line":331,"column":4},"end":{"line":338,"column":4}}},"17":{"name":"includeInReward","line":340,"loc":{"start":{"line":340,"column":4},"end":{"line":351,"column":4}}},"18":{"name":"_approve","line":353,"loc":{"start":{"line":353,"column":4},"end":{"line":363,"column":4}}},"19":{"name":"_transfer","line":365,"loc":{"start":{"line":365,"column":4},"end":{"line":386,"column":4}}},"20":{"name":"_tokenTransfer","line":389,"loc":{"start":{"line":389,"column":4},"end":{"line":406,"column":4}}},"21":{"name":"_transferStandard","line":408,"loc":{"start":{"line":408,"column":4},"end":{"line":426,"column":4}}},"22":{"name":"_transferToExcluded","line":428,"loc":{"start":{"line":428,"column":4},"end":{"line":447,"column":4}}},"23":{"name":"_transferFromExcluded","line":449,"loc":{"start":{"line":449,"column":4},"end":{"line":468,"column":4}}},"24":{"name":"_transferBothExcluded","line":470,"loc":{"start":{"line":470,"column":4},"end":{"line":490,"column":4}}},"25":{"name":"_reflectFee","line":492,"loc":{"start":{"line":492,"column":4},"end":{"line":502,"column":4}}},"26":{"name":"_getValues","line":504,"loc":{"start":{"line":504,"column":4},"end":{"line":511,"column":4}}},"27":{"name":"_getTValues","line":513,"loc":{"start":{"line":513,"column":4},"end":{"line":527,"column":4}}},"28":{"name":"_getRValues","line":529,"loc":{"start":{"line":529,"column":4},"end":{"line":546,"column":4}}},"29":{"name":"_getRate","line":548,"loc":{"start":{"line":548,"column":4},"end":{"line":551,"column":4}}},"30":{"name":"_getCurrentSupply","line":553,"loc":{"start":{"line":553,"column":4},"end":{"line":566,"column":4}}},"31":{"name":"_takeLpAndDevRewards","line":568,"loc":{"start":{"line":568,"column":4},"end":{"line":594,"column":4}}},"32":{"name":"_swap","line":596,"loc":{"start":{"line":596,"column":4},"end":{"line":618,"column":4}}},"33":{"name":"calculateHolderReward","line":620,"loc":{"start":{"line":620,"column":4},"end":{"line":626,"column":4}}},"34":{"name":"calculateBurn","line":628,"loc":{"start":{"line":628,"column":4},"end":{"line":630,"column":4}}},"35":{"name":"calculateLpReward","line":632,"loc":{"start":{"line":632,"column":4},"end":{"line":634,"column":4}}},"36":{"name":"calculateDevReward","line":636,"loc":{"start":{"line":636,"column":4},"end":{"line":642,"column":4}}},"37":{"name":"isExcludedFromFee","line":644,"loc":{"start":{"line":644,"column":4},"end":{"line":646,"column":4}}},"38":{"name":"excludeFromFee","line":648,"loc":{"start":{"line":648,"column":4},"end":{"line":650,"column":4}}},"39":{"name":"includeInFee","line":652,"loc":{"start":{"line":652,"column":4},"end":{"line":654,"column":4}}},"40":{"name":"setNextCzodiac","line":656,"loc":{"start":{"line":656,"column":4},"end":{"line":659,"column":4}}},"41":{"name":"setGlobalRewardsEnabled","line":663,"loc":{"start":{"line":661,"column":4},"end":{"line":666,"column":4}}}},"statementMap":{"1":{"start":{"line":142,"column":8},"end":{"line":142,"column":19}},"2":{"start":{"line":143,"column":8},"end":{"line":143,"column":23}},"3":{"start":{"line":144,"column":8},"end":{"line":144,"column":33}},"4":{"start":{"line":145,"column":8},"end":{"line":145,"column":47}},"5":{"start":{"line":146,"column":8},"end":{"line":146,"column":43}},"6":{"start":{"line":148,"column":8},"end":{"line":148,"column":6765}},"7":{"start":{"line":149,"column":12},"end":{"line":149,"column":40}},"8":{"start":{"line":150,"column":12},"end":{"line":150,"column":44}},"9":{"start":{"line":151,"column":12},"end":{"line":151,"column":42}},"10":{"start":{"line":153,"column":12},"end":{"line":153,"column":78}},"11":{"start":{"line":154,"column":12},"end":{"line":154,"column":44}},"12":{"start":{"line":155,"column":12},"end":{"line":155,"column":43}},"13":{"start":{"line":159,"column":8},"end":{"line":159,"column":7221}},"14":{"start":{"line":164,"column":8},"end":{"line":164,"column":37}},"15":{"start":{"line":168,"column":8},"end":{"line":168,"column":35}},"16":{"start":{"line":171,"column":8},"end":{"line":171,"column":41}},"17":{"start":{"line":172,"column":8},"end":{"line":172,"column":47}},"18":{"start":{"line":173,"column":8},"end":{"line":173,"column":44}},"19":{"start":{"line":174,"column":8},"end":{"line":174,"column":7905}},"20":{"start":{"line":178,"column":8},"end":{"line":178,"column":33}},"21":{"start":{"line":179,"column":8},"end":{"line":179,"column":39}},"22":{"start":{"line":180,"column":8},"end":{"line":180,"column":36}},"23":{"start":{"line":181,"column":8},"end":{"line":181,"column":77}},"24":{"start":{"line":182,"column":8},"end":{"line":182,"column":40}},"25":{"start":{"line":184,"column":8},"end":{"line":184,"column":8261}},"26":{"start":{"line":196,"column":8},"end":{"line":196,"column":8564}},"27":{"start":{"line":197,"column":12},"end":{"line":197,"column":29}},"28":{"start":{"line":202,"column":8},"end":{"line":202,"column":26}},"29":{"start":{"line":206,"column":8},"end":{"line":206,"column":22}},"30":{"start":{"line":210,"column":8},"end":{"line":210,"column":57}},"31":{"start":{"line":210,"column":34},"end":{"line":210,"column":57}},"32":{"start":{"line":211,"column":8},"end":{"line":211,"column":52}},"33":{"start":{"line":219,"column":8},"end":{"line":219,"column":49}},"34":{"start":{"line":220,"column":8},"end":{"line":220,"column":19}},"35":{"start":{"line":229,"column":8},"end":{"line":229,"column":42}},"36":{"start":{"line":237,"column":8},"end":{"line":237,"column":46}},"37":{"start":{"line":238,"column":8},"end":{"line":238,"column":19}},"38":{"start":{"line":246,"column":8},"end":{"line":246,"column":43}},"39":{"start":{"line":247,"column":8},"end":{"line":247,"column":9846}},"40":{"start":{"line":248,"column":12},"end":{"line":248,"column":9900}},"41":{"start":{"line":256,"column":8},"end":{"line":256,"column":19}},"42":{"start":{"line":264,"column":8},"end":{"line":264,"column":10319}},"43":{"start":{"line":269,"column":8},"end":{"line":269,"column":19}},"44":{"start":{"line":277,"column":8},"end":{"line":277,"column":10632}},"45":{"start":{"line":285,"column":8},"end":{"line":285,"column":19}},"46":{"start":{"line":289,"column":8},"end":{"line":289,"column":35}},"47":{"start":{"line":293,"column":8},"end":{"line":293,"column":37}},"48":{"start":{"line":294,"column":8},"end":{"line":294,"column":11118}},"49":{"start":{"line":298,"column":8},"end":{"line":298,"column":61}},"50":{"start":{"line":299,"column":8},"end":{"line":299,"column":60}},"51":{"start":{"line":300,"column":8},"end":{"line":300,"column":44}},"52":{"start":{"line":301,"column":8},"end":{"line":301,"column":40}},"53":{"start":{"line":309,"column":8},"end":{"line":309,"column":69}},"54":{"start":{"line":310,"column":8},"end":{"line":310,"column":61}},"55":{"start":{"line":311,"column":8},"end":{"line":311,"column":11747}},"56":{"start":{"line":312,"column":12},"end":{"line":312,"column":33}},"57":{"start":{"line":314,"column":12},"end":{"line":314,"column":41}},"58":{"start":{"line":323,"column":8},"end":{"line":323,"column":12015}},"59":{"start":{"line":327,"column":8},"end":{"line":327,"column":40}},"60":{"start":{"line":328,"column":8},"end":{"line":328,"column":39}},"61":{"start":{"line":332,"column":8},"end":{"line":332,"column":68}},"62":{"start":{"line":333,"column":8},"end":{"line":333,"column":12372}},"63":{"start":{"line":334,"column":12},"end":{"line":334,"column":67}},"64":{"start":{"line":336,"column":8},"end":{"line":336,"column":34}},"65":{"start":{"line":337,"column":8},"end":{"line":337,"column":30}},"66":{"start":{"line":341,"column":8},"end":{"line":341,"column":67}},"67":{"start":{"line":342,"column":8},"end":{"line":342,"column":12713}},"68":{"start":{"line":343,"column":12},"end":{"line":343,"column":12779}},"69":{"start":{"line":344,"column":16},"end":{"line":344,"column":61}},"70":{"start":{"line":345,"column":16},"end":{"line":345,"column":35}},"71":{"start":{"line":346,"column":16},"end":{"line":346,"column":43}},"72":{"start":{"line":347,"column":16},"end":{"line":347,"column":30}},"73":{"start":{"line":358,"column":8},"end":{"line":358,"column":75}},"74":{"start":{"line":359,"column":8},"end":{"line":359,"column":75}},"75":{"start":{"line":361,"column":8},"end":{"line":361,"column":43}},"76":{"start":{"line":362,"column":8},"end":{"line":362,"column":45}},"77":{"start":{"line":370,"column":8},"end":{"line":370,"column":71}},"78":{"start":{"line":373,"column":8},"end":{"line":373,"column":27}},"79":{"start":{"line":376,"column":8},"end":{"line":376,"column":13831}},"80":{"start":{"line":381,"column":12},"end":{"line":381,"column":26}},"81":{"start":{"line":385,"column":8},"end":{"line":385,"column":48}},"82":{"start":{"line":395,"column":8},"end":{"line":395,"column":14363}},"83":{"start":{"line":396,"column":12},"end":{"line":396,"column":68}},"84":{"start":{"line":397,"column":15},"end":{"line":397,"column":14505}},"85":{"start":{"line":398,"column":12},"end":{"line":398,"column":66}},"86":{"start":{"line":399,"column":15},"end":{"line":399,"column":14645}},"87":{"start":{"line":400,"column":12},"end":{"line":400,"column":64}},"88":{"start":{"line":401,"column":15},"end":{"line":401,"column":14784}},"89":{"start":{"line":402,"column":12},"end":{"line":402,"column":68}},"90":{"start":{"line":404,"column":12},"end":{"line":404,"column":64}},"91":{"start":{"line":414,"column":8},"end":{"line":414,"column":15207}},"92":{"start":{"line":416,"column":8},"end":{"line":416,"column":61}},"93":{"start":{"line":417,"column":8},"end":{"line":417,"column":75}},"94":{"start":{"line":418,"column":8},"end":{"line":418,"column":66}},"95":{"start":{"line":419,"column":8},"end":{"line":419,"column":15492}},"96":{"start":{"line":425,"column":8},"end":{"line":425,"column":65}},"97":{"start":{"line":434,"column":8},"end":{"line":434,"column":15906}},"98":{"start":{"line":436,"column":8},"end":{"line":436,"column":61}},"99":{"start":{"line":437,"column":8},"end":{"line":437,"column":75}},"100":{"start":{"line":438,"column":8},"end":{"line":438,"column":75}},"101":{"start":{"line":439,"column":8},"end":{"line":439,"column":66}},"102":{"start":{"line":440,"column":8},"end":{"line":440,"column":16270}},"103":{"start":{"line":446,"column":8},"end":{"line":446,"column":65}},"104":{"start":{"line":455,"column":8},"end":{"line":455,"column":16686}},"105":{"start":{"line":457,"column":8},"end":{"line":457,"column":53}},"106":{"start":{"line":458,"column":8},"end":{"line":458,"column":61}},"107":{"start":{"line":459,"column":8},"end":{"line":459,"column":75}},"108":{"start":{"line":460,"column":8},"end":{"line":460,"column":66}},"109":{"start":{"line":461,"column":8},"end":{"line":461,"column":17028}},"110":{"start":{"line":467,"column":8},"end":{"line":467,"column":65}},"111":{"start":{"line":476,"column":8},"end":{"line":476,"column":17444}},"112":{"start":{"line":478,"column":8},"end":{"line":478,"column":53}},"113":{"start":{"line":479,"column":8},"end":{"line":479,"column":61}},"114":{"start":{"line":480,"column":8},"end":{"line":480,"column":75}},"115":{"start":{"line":481,"column":8},"end":{"line":481,"column":75}},"116":{"start":{"line":482,"column":8},"end":{"line":482,"column":66}},"117":{"start":{"line":483,"column":8},"end":{"line":483,"column":17865}},"118":{"start":{"line":489,"column":8},"end":{"line":489,"column":65}},"119":{"start":{"line":498,"column":8},"end":{"line":498,"column":45}},"120":{"start":{"line":499,"column":8},"end":{"line":499,"column":35}},"121":{"start":{"line":500,"column":8},"end":{"line":500,"column":37}},"122":{"start":{"line":501,"column":8},"end":{"line":501,"column":29}},"123":{"start":{"line":509,"column":8},"end":{"line":509,"column":46}},"124":{"start":{"line":510,"column":8},"end":{"line":510,"column":46}},"125":{"start":{"line":518,"column":8},"end":{"line":518,"column":74}},"126":{"start":{"line":519,"column":8},"end":{"line":519,"column":58}},"127":{"start":{"line":520,"column":8},"end":{"line":520,"column":66}},"128":{"start":{"line":521,"column":8},"end":{"line":521,"column":68}},"129":{"start":{"line":522,"column":8},"end":{"line":522,"column":19113}},"130":{"start":{"line":534,"column":8},"end":{"line":534,"column":31}},"131":{"start":{"line":535,"column":8},"end":{"line":535,"column":48}},"132":{"start":{"line":536,"column":8},"end":{"line":536,"column":59}},"133":{"start":{"line":537,"column":8},"end":{"line":537,"column":52}},"134":{"start":{"line":538,"column":8},"end":{"line":538,"column":60}},"135":{"start":{"line":539,"column":8},"end":{"line":539,"column":62}},"136":{"start":{"line":540,"column":8},"end":{"line":540,"column":19792}},"137":{"start":{"line":549,"column":8},"end":{"line":549,"column":64}},"138":{"start":{"line":550,"column":8},"end":{"line":550,"column":35}},"139":{"start":{"line":554,"column":8},"end":{"line":554,"column":33}},"140":{"start":{"line":555,"column":8},"end":{"line":555,"column":33}},"141":{"start":{"line":556,"column":8},"end":{"line":556,"column":20295}},"142":{"start":{"line":557,"column":12},"end":{"line":557,"column":20388}},"143":{"start":{"line":560,"column":14},"end":{"line":560,"column":39}},"144":{"start":{"line":561,"column":12},"end":{"line":561,"column":55}},"145":{"start":{"line":562,"column":12},"end":{"line":562,"column":55}},"146":{"start":{"line":564,"column":8},"end":{"line":564,"column":69}},"147":{"start":{"line":564,"column":44},"end":{"line":564,"column":69}},"148":{"start":{"line":565,"column":8},"end":{"line":565,"column":33}},"149":{"start":{"line":571,"column":8},"end":{"line":571,"column":40}},"150":{"start":{"line":574,"column":8},"end":{"line":574,"column":56}},"151":{"start":{"line":575,"column":8},"end":{"line":575,"column":67}},"152":{"start":{"line":576,"column":8},"end":{"line":576,"column":21070}},"153":{"start":{"line":579,"column":8},"end":{"line":579,"column":21210}},"154":{"start":{"line":580,"column":12},"end":{"line":580,"column":21263}},"155":{"start":{"line":582,"column":8},"end":{"line":582,"column":43}},"156":{"start":{"line":583,"column":8},"end":{"line":583,"column":65}},"157":{"start":{"line":584,"column":8},"end":{"line":584,"column":63}},"158":{"start":{"line":587,"column":8},"end":{"line":587,"column":58}},"159":{"start":{"line":588,"column":8},"end":{"line":588,"column":53}},"160":{"start":{"line":589,"column":8},"end":{"line":589,"column":59}},"161":{"start":{"line":590,"column":8},"end":{"line":590,"column":21797}},"162":{"start":{"line":591,"column":12},"end":{"line":591,"column":63}},"163":{"start":{"line":592,"column":8},"end":{"line":592,"column":51}},"164":{"start":{"line":593,"column":8},"end":{"line":593,"column":66}},"165":{"start":{"line":597,"column":8},"end":{"line":597,"column":22022}},"166":{"start":{"line":601,"column":8},"end":{"line":601,"column":22150}},"167":{"start":{"line":605,"column":8},"end":{"line":605,"column":22279}},"168":{"start":{"line":609,"column":8},"end":{"line":609,"column":61}},"169":{"start":{"line":610,"column":8},"end":{"line":610,"column":22464}},"170":{"start":{"line":614,"column":8},"end":{"line":614,"column":74}},"171":{"start":{"line":615,"column":8},"end":{"line":615,"column":69}},"172":{"start":{"line":616,"column":8},"end":{"line":616,"column":54}},"173":{"start":{"line":617,"column":8},"end":{"line":617,"column":54}},"174":{"start":{"line":625,"column":8},"end":{"line":625,"column":57}},"175":{"start":{"line":629,"column":8},"end":{"line":629,"column":49}},"176":{"start":{"line":633,"column":8},"end":{"line":633,"column":53}},"177":{"start":{"line":641,"column":8},"end":{"line":641,"column":54}},"178":{"start":{"line":645,"column":8},"end":{"line":645,"column":42}},"179":{"start":{"line":649,"column":8},"end":{"line":649,"column":41}},"180":{"start":{"line":653,"column":8},"end":{"line":653,"column":42}},"181":{"start":{"line":658,"column":8},"end":{"line":658,"column":33}},"182":{"start":{"line":665,"column":8},"end":{"line":665,"column":51}}},"branchMap":{"1":{"line":148,"type":"if","locations":[{"start":{"line":148,"column":8},"end":{"line":148,"column":8}},{"start":{"line":148,"column":8},"end":{"line":148,"column":8}}]},"2":{"line":210,"type":"if","locations":[{"start":{"line":210,"column":8},"end":{"line":210,"column":8}},{"start":{"line":210,"column":8},"end":{"line":210,"column":8}}]},"3":{"line":247,"type":"if","locations":[{"start":{"line":247,"column":8},"end":{"line":247,"column":8}},{"start":{"line":247,"column":8},"end":{"line":247,"column":8}}]},"4":{"line":294,"type":"if","locations":[{"start":{"line":294,"column":8},"end":{"line":294,"column":8}},{"start":{"line":294,"column":8},"end":{"line":294,"column":8}}]},"5":{"line":309,"type":"if","locations":[{"start":{"line":309,"column":8},"end":{"line":309,"column":8}},{"start":{"line":309,"column":8},"end":{"line":309,"column":8}}]},"6":{"line":311,"type":"if","locations":[{"start":{"line":311,"column":8},"end":{"line":311,"column":8}},{"start":{"line":311,"column":8},"end":{"line":311,"column":8}}]},"7":{"line":323,"type":"if","locations":[{"start":{"line":323,"column":8},"end":{"line":323,"column":8}},{"start":{"line":323,"column":8},"end":{"line":323,"column":8}}]},"8":{"line":332,"type":"if","locations":[{"start":{"line":332,"column":8},"end":{"line":332,"column":8}},{"start":{"line":332,"column":8},"end":{"line":332,"column":8}}]},"9":{"line":333,"type":"if","locations":[{"start":{"line":333,"column":8},"end":{"line":333,"column":8}},{"start":{"line":333,"column":8},"end":{"line":333,"column":8}}]},"10":{"line":341,"type":"if","locations":[{"start":{"line":341,"column":8},"end":{"line":341,"column":8}},{"start":{"line":341,"column":8},"end":{"line":341,"column":8}}]},"11":{"line":343,"type":"if","locations":[{"start":{"line":343,"column":12},"end":{"line":343,"column":12}},{"start":{"line":343,"column":12},"end":{"line":343,"column":12}}]},"12":{"line":358,"type":"if","locations":[{"start":{"line":358,"column":8},"end":{"line":358,"column":8}},{"start":{"line":358,"column":8},"end":{"line":358,"column":8}}]},"13":{"line":359,"type":"if","locations":[{"start":{"line":359,"column":8},"end":{"line":359,"column":8}},{"start":{"line":359,"column":8},"end":{"line":359,"column":8}}]},"14":{"line":370,"type":"if","locations":[{"start":{"line":370,"column":8},"end":{"line":370,"column":8}},{"start":{"line":370,"column":8},"end":{"line":370,"column":8}}]},"15":{"line":376,"type":"if","locations":[{"start":{"line":376,"column":8},"end":{"line":376,"column":8}},{"start":{"line":376,"column":8},"end":{"line":376,"column":8}}]},"16":{"line":395,"type":"if","locations":[{"start":{"line":395,"column":8},"end":{"line":395,"column":8}},{"start":{"line":395,"column":8},"end":{"line":395,"column":8}}]},"17":{"line":397,"type":"if","locations":[{"start":{"line":397,"column":15},"end":{"line":397,"column":15}},{"start":{"line":397,"column":15},"end":{"line":397,"column":15}}]},"18":{"line":399,"type":"if","locations":[{"start":{"line":399,"column":15},"end":{"line":399,"column":15}},{"start":{"line":399,"column":15},"end":{"line":399,"column":15}}]},"19":{"line":401,"type":"if","locations":[{"start":{"line":401,"column":15},"end":{"line":401,"column":15}},{"start":{"line":401,"column":15},"end":{"line":401,"column":15}}]},"20":{"line":557,"type":"if","locations":[{"start":{"line":557,"column":12},"end":{"line":557,"column":12}},{"start":{"line":557,"column":12},"end":{"line":557,"column":12}}]},"21":{"line":564,"type":"if","locations":[{"start":{"line":564,"column":8},"end":{"line":564,"column":8}},{"start":{"line":564,"column":8},"end":{"line":564,"column":8}}]},"22":{"line":579,"type":"if","locations":[{"start":{"line":579,"column":8},"end":{"line":579,"column":8}},{"start":{"line":579,"column":8},"end":{"line":579,"column":8}}]},"23":{"line":590,"type":"if","locations":[{"start":{"line":590,"column":8},"end":{"line":590,"column":8}},{"start":{"line":590,"column":8},"end":{"line":590,"column":8}}]},"24":{"line":597,"type":"if","locations":[{"start":{"line":597,"column":8},"end":{"line":597,"column":8}},{"start":{"line":597,"column":8},"end":{"line":597,"column":8}}]},"25":{"line":601,"type":"if","locations":[{"start":{"line":601,"column":8},"end":{"line":601,"column":8}},{"start":{"line":601,"column":8},"end":{"line":601,"column":8}}]},"26":{"line":605,"type":"if","locations":[{"start":{"line":605,"column":8},"end":{"line":605,"column":8}},{"start":{"line":605,"column":8},"end":{"line":605,"column":8}}]},"27":{"line":610,"type":"if","locations":[{"start":{"line":610,"column":8},"end":{"line":610,"column":8}},{"start":{"line":610,"column":8},"end":{"line":610,"column":8}}]}}},"contracts\\LockedSale.sol":{"l":{"58":3,"70":17,"82":3,"83":3,"88":3,"89":3,"90":3,"91":3,"92":3,"93":3,"94":3,"96":3,"120":1,"121":1,"122":1,"123":1,"124":1,"125":1,"126":1,"127":1,"131":1,"132":2,"133":2,"138":0,"139":0,"140":0,"145":0,"149":0,"153":1,"154":0,"156":1,"157":1,"162":2,"164":1,"168":1,"172":0,"176":2,"177":2,"184":17,"185":16,"186":15,"187":14,"191":12,"192":7,"193":7,"194":7,"196":12,"197":12,"198":12,"202":10,"206":9},"path":"C:\\Users\\Taehee\\Documents\\repos\\czodiac\\packages\\sc\\contracts\\LockedSale.sol","s":{"1":3,"2":3,"3":3,"4":3,"5":3,"6":3,"7":3,"8":3,"9":3,"10":3,"11":3,"12":1,"13":1,"14":1,"15":1,"16":1,"17":1,"18":1,"19":1,"20":1,"21":2,"22":2,"23":0,"24":0,"25":0,"26":0,"27":0,"28":1,"29":0,"30":1,"31":1,"32":2,"33":1,"34":1,"35":0,"36":2,"37":2,"38":17,"39":16,"40":15,"41":14,"42":12,"43":7,"44":7,"45":7,"46":12,"47":12,"48":12,"49":10,"50":9},"b":{"1":[3,0],"2":[3,0],"3":[0,1],"4":[16,1],"5":[15,1],"6":[14,1],"7":[12,2],"8":[7,5],"9":[10,2],"10":[9,1]},"f":{"1":3,"2":3,"3":1,"4":1,"5":0,"6":0,"7":0,"8":1,"9":1,"10":0,"11":2,"12":17},"fnMap":{"1":{"name":"constructor","line":57,"loc":{"start":{"line":49,"column":4},"end":{"line":67,"column":4}}},"2":{"name":"setState","line":81,"loc":{"start":{"line":73,"column":4},"end":{"line":104,"column":4}}},"3":{"name":"getState","line":106,"loc":{"start":{"line":106,"column":4},"end":{"line":128,"column":4}}},"4":{"name":"whitelist","line":130,"loc":{"start":{"line":130,"column":4},"end":{"line":135,"column":4}}},"5":{"name":"unwhitelist","line":137,"loc":{"start":{"line":137,"column":4},"end":{"line":142,"column":4}}},"6":{"name":"deposit","line":144,"loc":{"start":{"line":144,"column":4},"end":{"line":146,"column":4}}},"7":{"name":"depositFor","line":148,"loc":{"start":{"line":148,"column":4},"end":{"line":150,"column":4}}},"8":{"name":"distribute","line":152,"loc":{"start":{"line":152,"column":4},"end":{"line":165,"column":4}}},"9":{"name":"withdraw","line":167,"loc":{"start":{"line":167,"column":4},"end":{"line":169,"column":4}}},"10":{"name":"withdrawToken","line":171,"loc":{"start":{"line":171,"column":4},"end":{"line":173,"column":4}}},"11":{"name":"_distribute","line":175,"loc":{"start":{"line":175,"column":4},"end":{"line":181,"column":4}}},"12":{"name":"_deposit","line":183,"loc":{"start":{"line":183,"column":4},"end":{"line":207,"column":4}}}},"statementMap":{"1":{"start":{"line":58,"column":8},"end":{"line":58,"column":1694}},"2":{"start":{"line":82,"column":8},"end":{"line":82,"column":78}},"3":{"start":{"line":83,"column":8},"end":{"line":83,"column":2325}},"4":{"start":{"line":88,"column":8},"end":{"line":88,"column":29}},"5":{"start":{"line":89,"column":8},"end":{"line":89,"column":25}},"6":{"start":{"line":90,"column":8},"end":{"line":90,"column":33}},"7":{"start":{"line":91,"column":8},"end":{"line":91,"column":33}},"8":{"start":{"line":92,"column":8},"end":{"line":92,"column":37}},"9":{"start":{"line":93,"column":8},"end":{"line":93,"column":33}},"10":{"start":{"line":94,"column":8},"end":{"line":94,"column":21}},"11":{"start":{"line":96,"column":8},"end":{"line":96,"column":2733}},"12":{"start":{"line":120,"column":8},"end":{"line":120,"column":29}},"13":{"start":{"line":121,"column":8},"end":{"line":121,"column":25}},"14":{"start":{"line":122,"column":8},"end":{"line":122,"column":33}},"15":{"start":{"line":123,"column":8},"end":{"line":123,"column":33}},"16":{"start":{"line":124,"column":8},"end":{"line":124,"column":37}},"17":{"start":{"line":125,"column":8},"end":{"line":125,"column":21}},"18":{"start":{"line":126,"column":8},"end":{"line":126,"column":33}},"19":{"start":{"line":127,"column":8},"end":{"line":127,"column":39}},"20":{"start":{"line":131,"column":8},"end":{"line":131,"column":3657}},"21":{"start":{"line":132,"column":12},"end":{"line":132,"column":43}},"22":{"start":{"line":133,"column":12},"end":{"line":133,"column":38}},"23":{"start":{"line":138,"column":8},"end":{"line":138,"column":3896}},"24":{"start":{"line":139,"column":12},"end":{"line":139,"column":44}},"25":{"start":{"line":140,"column":12},"end":{"line":140,"column":40}},"26":{"start":{"line":145,"column":8},"end":{"line":145,"column":29}},"27":{"start":{"line":149,"column":8},"end":{"line":149,"column":23}},"28":{"start":{"line":153,"column":8},"end":{"line":153,"column":4306}},"29":{"start":{"line":154,"column":12},"end":{"line":154,"column":55}},"30":{"start":{"line":156,"column":8},"end":{"line":156,"column":68}},"31":{"start":{"line":157,"column":8},"end":{"line":157,"column":4508}},"32":{"start":{"line":162,"column":12},"end":{"line":162,"column":34}},"33":{"start":{"line":164,"column":8},"end":{"line":164,"column":54}},"34":{"start":{"line":168,"column":8},"end":{"line":168,"column":55}},"35":{"start":{"line":172,"column":8},"end":{"line":172,"column":64}},"36":{"start":{"line":176,"column":8},"end":{"line":176,"column":40}},"37":{"start":{"line":177,"column":8},"end":{"line":177,"column":5128}},"38":{"start":{"line":184,"column":8},"end":{"line":184,"column":77}},"39":{"start":{"line":185,"column":8},"end":{"line":185,"column":78}},"40":{"start":{"line":186,"column":8},"end":{"line":186,"column":74}},"41":{"start":{"line":187,"column":8},"end":{"line":187,"column":5548}},"42":{"start":{"line":191,"column":8},"end":{"line":191,"column":5695}},"43":{"start":{"line":192,"column":12},"end":{"line":192,"column":30}},"44":{"start":{"line":193,"column":12},"end":{"line":193,"column":43}},"45":{"start":{"line":194,"column":12},"end":{"line":194,"column":43}},"46":{"start":{"line":196,"column":8},"end":{"line":196,"column":57}},"47":{"start":{"line":197,"column":8},"end":{"line":197,"column":53}},"48":{"start":{"line":198,"column":8},"end":{"line":198,"column":5990}},"49":{"start":{"line":202,"column":8},"end":{"line":202,"column":6127}},"50":{"start":{"line":206,"column":8},"end":{"line":206,"column":39}}},"branchMap":{"1":{"line":82,"type":"if","locations":[{"start":{"line":82,"column":8},"end":{"line":82,"column":8}},{"start":{"line":82,"column":8},"end":{"line":82,"column":8}}]},"2":{"line":83,"type":"if","locations":[{"start":{"line":83,"column":8},"end":{"line":83,"column":8}},{"start":{"line":83,"column":8},"end":{"line":83,"column":8}}]},"3":{"line":153,"type":"if","locations":[{"start":{"line":153,"column":8},"end":{"line":153,"column":8}},{"start":{"line":153,"column":8},"end":{"line":153,"column":8}}]},"4":{"line":184,"type":"if","locations":[{"start":{"line":184,"column":8},"end":{"line":184,"column":8}},{"start":{"line":184,"column":8},"end":{"line":184,"column":8}}]},"5":{"line":185,"type":"if","locations":[{"start":{"line":185,"column":8},"end":{"line":185,"column":8}},{"start":{"line":185,"column":8},"end":{"line":185,"column":8}}]},"6":{"line":186,"type":"if","locations":[{"start":{"line":186,"column":8},"end":{"line":186,"column":8}},{"start":{"line":186,"column":8},"end":{"line":186,"column":8}}]},"7":{"line":187,"type":"if","locations":[{"start":{"line":187,"column":8},"end":{"line":187,"column":8}},{"start":{"line":187,"column":8},"end":{"line":187,"column":8}}]},"8":{"line":191,"type":"if","locations":[{"start":{"line":191,"column":8},"end":{"line":191,"column":8}},{"start":{"line":191,"column":8},"end":{"line":191,"column":8}}]},"9":{"line":198,"type":"if","locations":[{"start":{"line":198,"column":8},"end":{"line":198,"column":8}},{"start":{"line":198,"column":8},"end":{"line":198,"column":8}}]},"10":{"line":202,"type":"if","locations":[{"start":{"line":202,"column":8},"end":{"line":202,"column":8}},{"start":{"line":202,"column":8},"end":{"line":202,"column":8}}]}}}}